Build started 4/15/2015 8:34:34 PM.
     1>Project "C:\Users\Kyle\Documents\GitHub\TV-O\proj\TV-O.vcxproj" on node 2 (Build target(s)).
     1>Link:
         C:\Program Files (x86)\Microsoft Visual Studio 11.0\VC\bin\link.exe /ERRORREPORT:PROMPT /OUT:"C:\Users\Kyle\Documents\GitHub\TV-O\proj\Debug\TV-O.exe" /INCREMENTAL /NOLOGO /LIBPATH:..\lib myo32.lib /MANIFEST /MANIFESTUAC:"level='asInvoker' uiAccess='false'" /manifest:embed /DEBUG /PDB:"C:\Users\Kyle\Documents\GitHub\TV-O\proj\Debug\TV-O.pdb" /ASSEMBLYDEBUG /SUBSYSTEM:CONSOLE /TLBID:1 /DYNAMICBASE /FIXED:NO /NXCOMPAT /MACHINE:X86 "Debug\TV-O.obj"
         "Debug\.NETFramework,Version=v4.0.AssemblyAttributes.obj"
         TV-O.vcxproj -> C:\Users\Kyle\Documents\GitHub\TV-O\proj\Debug\TV-O.exe
       PostBuildEvent:
         COPY "..\bin\myo32.dll" "C:\Users\Kyle\Documents\GitHub\TV-O\proj\Debug\"
               
         :VCEnd
         The system cannot find the path specified.
     1>C:\Program Files (x86)\MSBuild\Microsoft.Cpp\v4.0\V110\Microsoft.CppCommon.targets(134,5): error MSB3073: The command "COPY "..\bin\myo32.dll" "C:\Users\Kyle\Documents\GitHub\TV-O\proj\Debug\"
C:\Program Files (x86)\MSBuild\Microsoft.Cpp\v4.0\V110\Microsoft.CppCommon.targets(134,5): error MSB3073:       
C:\Program Files (x86)\MSBuild\Microsoft.Cpp\v4.0\V110\Microsoft.CppCommon.targets(134,5): error MSB3073: :VCEnd" exited with code 1.
     1>Done Building Project "C:\Users\Kyle\Documents\GitHub\TV-O\proj\TV-O.vcxproj" (Build target(s)) -- FAILED.

Build FAILED.

Time Elapsed 00:00:00.65
